[debug] [2018-04-19T15:35:14.587Z] ----------------------------------------------------------------------
[debug] [2018-04-19T15:35:14.587Z] Command:       C:\Program Files\nodejs\node.exe C:\Users\Aaron Ofengender\AppData\Roaming\npm\node_modules\firebase-tools\bin\firebase deploy
[debug] [2018-04-19T15:35:14.587Z] CLI Version:   3.18.2
[debug] [2018-04-19T15:35:14.587Z] Platform:      win32
[debug] [2018-04-19T15:35:14.587Z] Node Version:  v8.9.4
[debug] [2018-04-19T15:35:14.587Z] Time:          Thu Apr 19 2018 11:35:14 GMT-0400 (US Eastern Daylight Time)
[debug] [2018-04-19T15:35:14.587Z] ----------------------------------------------------------------------
[debug] 
[debug] [2018-04-19T15:35:14.587Z] > command requires scopes: ["email","openid","https://www.googleapis.com/auth/cloudplatformprojects.readonly","https://www.googleapis.com/auth/firebase","https://www.googleapis.com/auth/cloud-platform"]
[debug] [2018-04-19T15:35:14.587Z] > authorizing via signed-in user
[debug] [2018-04-19T15:35:14.603Z] > refreshing access token with scopes: ["email","https://www.googleapis.com/auth/cloud-platform","https://www.googleapis.com/auth/cloudplatformprojects.readonly","https://www.googleapis.com/auth/firebase","openid"]
[debug] [2018-04-19T15:35:14.603Z] >>> HTTP REQUEST POST https://www.googleapis.com/oauth2/v3/token  
 { refresh_token: '1/4vaxng5bjgD4TGC2UDdGniqe0_pIDXN9Ffmx3EhQygcKCUc_-ZSFXekYn41SdzM2',
  client_id: '563584335869-fgrhgmd47bqnekij5i8b5pr03ho849e6.apps.googleusercontent.com',
  client_secret: 'j9iVZfS8kkCEFUPaAeJV0sAi',
  grant_type: 'refresh_token',
  scope: 'email https://www.googleapis.com/auth/cloud-platform https://www.googleapis.com/auth/cloudplatformprojects.readonly https://www.googleapis.com/auth/firebase openid' } 
 Thu Apr 19 2018 11:35:14 GMT-0400 (US Eastern Daylight Time)
[debug] [2018-04-19T15:35:16.518Z] <<< HTTP RESPONSE 200
[debug] [2018-04-19T15:35:16.575Z] >>> HTTP REQUEST GET https://admin.firebase.com/v1/projects/myblackjackapp  
  
 Thu Apr 19 2018 11:35:16 GMT-0400 (US Eastern Daylight Time)
[debug] [2018-04-19T15:35:22.132Z] <<< HTTP RESPONSE 200
[debug] [2018-04-19T15:35:22.132Z] >>> HTTP REQUEST GET https://admin.firebase.com/v1/database/myblackjackapp/tokens  
  
 Thu Apr 19 2018 11:35:22 GMT-0400 (US Eastern Daylight Time)
[debug] [2018-04-19T15:35:22.830Z] <<< HTTP RESPONSE 200
[info] 
[info] === Deploying to 'myblackjackapp'...
[info] 
[info] i  deploying hosting
[info] i  hosting: preparing dist directory for upload...
[debug] [2018-04-19T15:35:25.494Z] >>> HTTP REQUEST PUT https://deploy.firebase.com/v1/hosting/myblackjackapp/uploads/-LATXvqm7YB4lulH7gAv?fileCount=65&message=  
  
 Thu Apr 19 2018 11:35:25 GMT-0400 (US Eastern Daylight Time)
[debug] [2018-04-19T15:37:23.677Z] Error: socket hang up
    at createHangUpError (_http_client.js:331:15)
    at TLSSocket.socketOnEnd (_http_client.js:423:23)
    at emitNone (events.js:111:20)
    at TLSSocket.emit (events.js:208:7)
    at endReadableNT (_stream_readable.js:1055:12)
    at _combinedTickCallback (internal/process/next_tick.js:138:11)
    at process._tickDomainCallback (internal/process/next_tick.js:218:9)
[error] 
[error] Error: Server Error. socket hang up
